<?xml version="1.0" encoding="UTF-8"?>
<testsuite name="ohtu.KauppaTest" tests="6" skipped="0" failures="0" errors="0" timestamp="2019-11-25T18:26:49" hostname="LAPTOP-28SK8BHE" time="0.534">
  <properties/>
  <testcase name="kutsutaanPankkiaOikeallaTilinumerollaJaSummalla" classname="ohtu.KauppaTest" time="0.518"/>
  <testcase name="pyydetaanUusiViiteJokaiseenMaksuun" classname="ohtu.KauppaTest" time="0.001"/>
  <testcase name="kutsutaanPankkiaOikeallaTilinumerolla" classname="ohtu.KauppaTest" time="0.001"/>
  <testcase name="kaytetaanMaksussaPalautettuaViiteta" classname="ohtu.KauppaTest" time="0.009"/>
  <testcase name="kaytetaanPerakkaistenViitekutsujenArvoja" classname="ohtu.KauppaTest" time="0.003"/>
  <testcase name="kutsutaanPankkia" classname="ohtu.KauppaTest" time="0.001"/>
  <system-out><![CDATA[]]></system-out>
  <system-err><![CDATA[]]></system-err>
</testsuite>
